nice -n 19 java -Xmx4G -cp dacapo-9.12-bach.jar -javaagent:pia.jar Harness --scratch-directory /tmp/dacaposcratch jython -s small
=======================================================
TamiFlex Play-In Agent Version 2.0.1
Loaded properties from /home/lpxz/work/dacapo/pia.properties
=======================================================
Java HotSpot(TM) 64-Bit Server VM warning: You have loaded library /tmp/jna3423110845517128886.tmp which might have disabled stack guard. The VM will try to fix the stack guard now.
It's highly recommended that you fix the library with 'execstack -c <libfile>', or link it with '-z noexecstack'.
java.lang.RuntimeException: Exception in class dumper
	at de.bodden.tamiflex.playin.ClassReplacer.tryToReplaceClassBytes(ClassReplacer.java:153)
	at de.bodden.tamiflex.playin.ClassReplacer.transform(ClassReplacer.java:65)
	at sun.instrument.TransformerManager.transform(TransformerManager.java:188)
	at sun.instrument.InstrumentationImpl.transform(InstrumentationImpl.java:424)
	at sun.misc.ProxyGenerator.addProxyMethod(ProxyGenerator.java:594)
	at sun.misc.ProxyGenerator.generateClassFile(ProxyGenerator.java:416)
	at sun.misc.ProxyGenerator.generateProxyClass(ProxyGenerator.java:323)
	at java.lang.reflect.Proxy.getProxyClass0(Proxy.java:636)
	at java.lang.reflect.Proxy.newProxyInstance(Proxy.java:722)
	at com.sun.jna.Native.loadLibrary(Native.java:258)
	at org.jruby.ext.posix.POSIXFactory.loadLibC(POSIXFactory.java:96)
	at org.jruby.ext.posix.POSIXFactory.loadLinuxPOSIX(POSIXFactory.java:65)
	at org.jruby.ext.posix.POSIXFactory.getPOSIX(POSIXFactory.java:24)
	at sun.reflect.NativeMethodAccessorImpl.invoke0(Native Method)
	at sun.reflect.NativeMethodAccessorImpl.invoke(NativeMethodAccessorImpl.java:57)
	at sun.reflect.DelegatingMethodAccessorImpl.invoke(DelegatingMethodAccessorImpl.java:43)
	at java.lang.reflect.Method.invoke(Method.java:606)
	at org.python.core.PyReflectedFunction.__call__(PyReflectedFunction.java:175)
	at org.python.core.PyReflectedFunction.__call__(PyReflectedFunction.java:190)
	at org.python.core.PyObject.__call__(PyObject.java:414)
	at org.python.core.PyObject.__call__(PyObject.java:418)
	at os$py.f$0(/tmp/dacaposcratch/jython/Lib/os.py:1143)
	at os$py.call_function(/tmp/dacaposcratch/jython/Lib/os.py)
	at org.python.core.PyTableCode.call(PyTableCode.java:165)
	at org.python.core.PyCode.call(PyCode.java:18)
	at org.python.core.imp.createFromCode(imp.java:326)
	at org.python.core.imp.createFromSource(imp.java:289)
	at org.python.core.imp.loadFromSource(imp.java:511)
	at org.python.core.imp.find_module(imp.java:411)
	at org.python.core.imp.import_next(imp.java:635)
	at org.python.core.imp.import_first(imp.java:656)
	at org.python.core.imp.load(imp.java:564)
	at org.python.core.util.FileUtil.isatty(FileUtil.java:70)
	at org.python.core.io.StreamIO.isatty(StreamIO.java:234)
	at org.python.core.io.BufferedIOMixin.isatty(BufferedIOMixin.java:90)
	at org.python.core.io.TextIOBase.isatty(TextIOBase.java:175)
	at org.python.core.PyFile.file_isatty(PyFile.java:482)
	at org.python.core.PyFile.isatty(PyFile.java:477)
	at org.python.core.PySystemState.initEncoding(PySystemState.java:239)
	at org.python.core.PySystemState.doInitialize(PySystemState.java:886)
	at org.python.core.PySystemState.initialize(PySystemState.java:787)
	at org.python.core.PySystemState.initialize(PySystemState.java:737)
	at org.python.core.PySystemState.initialize(PySystemState.java:730)
	at org.python.util.jython.run(jython.java:138)
	at org.python.util.jython.main(jython.java:117)
	at sun.reflect.NativeMethodAccessorImpl.invoke0(Native Method)
	at sun.reflect.NativeMethodAccessorImpl.invoke(NativeMethodAccessorImpl.java:57)
	at sun.reflect.DelegatingMethodAccessorImpl.invoke(DelegatingMethodAccessorImpl.java:43)
	at java.lang.reflect.Method.invoke(Method.java:606)
	at org.dacapo.harness.Jython.<init>(Jython.java:36)
	at sun.reflect.NativeConstructorAccessorImpl.newInstance0(Native Method)
	at sun.reflect.NativeConstructorAccessorImpl.newInstance(NativeConstructorAccessorImpl.java:57)
	at sun.reflect.DelegatingConstructorAccessorImpl.newInstance(DelegatingConstructorAccessorImpl.java:45)
	at java.lang.reflect.Constructor.newInstance(Constructor.java:526)
	at org.dacapo.harness.TestHarness.runBenchmark(TestHarness.java)
	at org.dacapo.harness.TestHarness.main(TestHarness.java)
	at Harness.main(Harness.java)
Caused by: java.lang.IllegalStateException: ClassReader.accept() should be called with EXPAND_FRAMES flag
	at org.objectweb.asm.commons.LocalVariablesSorter.visitFrame(Unknown Source)
	at org.objectweb.asm.commons.RemappingMethodAdapter.visitFrame(Unknown Source)
	at org.objectweb.asm.MethodAdapter.visitFrame(Unknown Source)
	at org.objectweb.asm.ClassReader.accept(Unknown Source)
	at org.objectweb.asm.ClassReader.accept(Unknown Source)
	at de.bodden.tamiflex.normalizer.Hasher.generateHashNumber(Hasher.java:99)
	at de.bodden.tamiflex.playin.ClassReplacer.tryToReplaceClassBytes(ClassReplacer.java:91)
	... 56 more
java.lang.RuntimeException: Exception in class dumper
	at de.bodden.tamiflex.playin.ClassReplacer.tryToReplaceClassBytes(ClassReplacer.java:153)
	at de.bodden.tamiflex.playin.ClassReplacer.transform(ClassReplacer.java:65)
	at sun.instrument.TransformerManager.transform(TransformerManager.java:188)
	at sun.instrument.InstrumentationImpl.transform(InstrumentationImpl.java:424)
	at sun.misc.ProxyGenerator.addProxyMethod(ProxyGenerator.java:594)
	at sun.misc.ProxyGenerator.generateClassFile(ProxyGenerator.java:416)
	at sun.misc.ProxyGenerator.generateProxyClass(ProxyGenerator.java:323)
	at java.lang.reflect.Proxy.getProxyClass0(Proxy.java:636)
	at java.lang.reflect.Proxy.newProxyInstance(Proxy.java:722)
	at com.sun.jna.Native.loadLibrary(Native.java:258)
	at org.jruby.ext.posix.POSIXFactory.loadLibC(POSIXFactory.java:96)
	at org.jruby.ext.posix.POSIXFactory.loadLinuxPOSIX(POSIXFactory.java:65)
	at org.jruby.ext.posix.POSIXFactory.getPOSIX(POSIXFactory.java:24)
	at sun.reflect.NativeMethodAccessorImpl.invoke0(Native Method)
	at sun.reflect.NativeMethodAccessorImpl.invoke(NativeMethodAccessorImpl.java:57)
	at sun.reflect.DelegatingMethodAccessorImpl.invoke(DelegatingMethodAccessorImpl.java:43)
	at java.lang.reflect.Method.invoke(Method.java:606)
	at org.python.core.PyReflectedFunction.__call__(PyReflectedFunction.java:175)
	at org.python.core.PyReflectedFunction.__call__(PyReflectedFunction.java:190)
	at org.python.core.PyObject.__call__(PyObject.java:414)
	at org.python.core.PyObject.__call__(PyObject.java:418)
	at os$py.f$0(/tmp/dacaposcratch/jython/Lib/os.py:1143)
	at os$py.call_function(/tmp/dacaposcratch/jython/Lib/os.py)
	at org.python.core.PyTableCode.call(PyTableCode.java:165)
	at org.python.core.PyCode.call(PyCode.java:18)
	at org.python.core.imp.createFromCode(imp.java:326)
	at org.python.core.imp.createFromSource(imp.java:289)
	at org.python.core.imp.loadFromSource(imp.java:511)
	at org.python.core.imp.find_module(imp.java:411)
	at org.python.core.imp.import_next(imp.java:635)
	at org.python.core.imp.import_first(imp.java:656)
	at org.python.core.imp.load(imp.java:564)
	at org.python.core.util.FileUtil.isatty(FileUtil.java:70)
	at org.python.core.io.StreamIO.isatty(StreamIO.java:234)
	at org.python.core.io.BufferedIOMixin.isatty(BufferedIOMixin.java:90)
	at org.python.core.io.TextIOBase.isatty(TextIOBase.java:175)
	at org.python.core.PyFile.file_isatty(PyFile.java:482)
	at org.python.core.PyFile.isatty(PyFile.java:477)
	at org.python.core.PySystemState.initEncoding(PySystemState.java:239)
	at org.python.core.PySystemState.doInitialize(PySystemState.java:886)
	at org.python.core.PySystemState.initialize(PySystemState.java:787)
	at org.python.core.PySystemState.initialize(PySystemState.java:737)
	at org.python.core.PySystemState.initialize(PySystemState.java:730)
	at org.python.util.jython.run(jython.java:138)
	at org.python.util.jython.main(jython.java:117)
	at sun.reflect.NativeMethodAccessorImpl.invoke0(Native Method)
	at sun.reflect.NativeMethodAccessorImpl.invoke(NativeMethodAccessorImpl.java:57)
	at sun.reflect.DelegatingMethodAccessorImpl.invoke(DelegatingMethodAccessorImpl.java:43)
	at java.lang.reflect.Method.invoke(Method.java:606)
	at org.dacapo.harness.Jython.<init>(Jython.java:36)
	at sun.reflect.NativeConstructorAccessorImpl.newInstance0(Native Method)
	at sun.reflect.NativeConstructorAccessorImpl.newInstance(NativeConstructorAccessorImpl.java:57)
	at sun.reflect.DelegatingConstructorAccessorImpl.newInstance(DelegatingConstructorAccessorImpl.java:45)
	at java.lang.reflect.Constructor.newInstance(Constructor.java:526)
	at org.dacapo.harness.TestHarness.runBenchmark(TestHarness.java)
	at org.dacapo.harness.TestHarness.main(TestHarness.java)
	at Harness.main(Harness.java)
Caused by: java.lang.IllegalStateException: ClassReader.accept() should be called with EXPAND_FRAMES flag
	at org.objectweb.asm.commons.LocalVariablesSorter.visitFrame(Unknown Source)
	at org.objectweb.asm.commons.RemappingMethodAdapter.visitFrame(Unknown Source)
	at org.objectweb.asm.MethodAdapter.visitFrame(Unknown Source)
	at org.objectweb.asm.ClassReader.accept(Unknown Source)
	at org.objectweb.asm.ClassReader.accept(Unknown Source)
	at de.bodden.tamiflex.normalizer.Hasher.generateHashNumber(Hasher.java:99)
	at de.bodden.tamiflex.playin.ClassReplacer.tryToReplaceClassBytes(ClassReplacer.java:91)
	... 56 more
===== DaCapo 9.12 jython starting =====
Count: 1028
===== DaCapo 9.12 jython PASSED in 803 msec =====

=======================================================
TamiFlex Play-In Agent Version 2.0.1
Replaced 825 out of 2880 classes.
=======================================================
