!SESSION 2014-08-28 00:30:00.449 -----------------------------------------------
eclipse.buildId=M20090917-0800
java.version=1.6.0_26
java.vendor=Sun Microsystems Inc.
BootLoader constants: OS=linux, ARCH=x86, WS=gtk, NL=en_US
Framework arguments:  -application org.dacapo.eclipse.Harness
Command-line arguments:  -data ./scratch/workspace -application org.dacapo.eclipse.Harness

!ENTRY org.eclipse.equinox.simpleconfigurator 4 0 2014-08-28 00:30:00.450
!MESSAGE 
!STACK 0
org.osgi.framework.BundleException: The activator org.eclipse.equinox.internal.simpleconfigurator.Activator for bundle org.eclipse.equinox.simpleconfigurator is invalid
	at org.eclipse.osgi.framework.internal.core.AbstractBundle.loadBundleActivator(AbstractBundle.java)
	at org.eclipse.osgi.framework.internal.core.BundleContextImpl.start(BundleContextImpl.java)
	at org.eclipse.osgi.framework.internal.core.BundleHost.startWorker(BundleHost.java)
	at org.eclipse.osgi.framework.internal.core.AbstractBundle.resume(AbstractBundle.java)
	at org.eclipse.osgi.framework.internal.core.Framework.resumeBundle(Framework.java)
	at org.eclipse.osgi.framework.internal.core.StartLevelManager.resumeBundles(StartLevelManager.java)
	at org.eclipse.osgi.framework.internal.core.StartLevelManager.incFWSL(StartLevelManager.java)
	at org.eclipse.osgi.framework.internal.core.StartLevelManager.doSetStartLevel(StartLevelManager.java)
	at org.eclipse.osgi.framework.internal.core.StartLevelManager.dispatchEvent(StartLevelManager.java)
	at org.eclipse.osgi.framework.eventmgr.EventManager.dispatchEvent(EventManager.java)
	at org.eclipse.osgi.framework.eventmgr.EventManager$EventThread.run(EventManager.java)
Caused by: java.lang.VerifyError: (class: org/eclipse/osgi/internal/loader/BundleLoader, method: <init> signature: (Lorg/eclipse/osgi/framework/internal/core/BundleHost;Lorg/eclipse/osgi/internal/loader/BundleLoaderProxy;)V) Expecting to find object/array on stack
	at org.eclipse.osgi.internal.loader.BundleLoaderProxy.getBundleLoader0(BundleLoaderProxy.java)
	at org.eclipse.osgi.internal.loader.BundleLoaderProxy.getBundleLoader(BundleLoaderProxy.java)
	at org.eclipse.osgi.framework.internal.core.BundleHost.getBundleLoader(BundleHost.java)
	at org.eclipse.osgi.framework.internal.core.BundleHost.checkLoader(BundleHost.java)
	at org.eclipse.osgi.framework.internal.core.BundleHost.loadClass(BundleHost.java)
	... 11 more
Root exception:
java.lang.VerifyError: (class: org/eclipse/osgi/internal/loader/BundleLoader, method: <init> signature: (Lorg/eclipse/osgi/framework/internal/core/BundleHost;Lorg/eclipse/osgi/internal/loader/BundleLoaderProxy;)V) Expecting to find object/array on stack
	at org.eclipse.osgi.internal.loader.BundleLoaderProxy.getBundleLoader0(BundleLoaderProxy.java)
	at org.eclipse.osgi.internal.loader.BundleLoaderProxy.getBundleLoader(BundleLoaderProxy.java)
	at org.eclipse.osgi.framework.internal.core.BundleHost.getBundleLoader(BundleHost.java)
	at org.eclipse.osgi.framework.internal.core.BundleHost.checkLoader(BundleHost.java)
	at org.eclipse.osgi.framework.internal.core.BundleHost.loadClass(BundleHost.java)
	at org.eclipse.osgi.framework.internal.core.AbstractBundle.loadBundleActivator(AbstractBundle.java)
	at org.eclipse.osgi.framework.internal.core.BundleContextImpl.start(BundleContextImpl.java)
	at org.eclipse.osgi.framework.internal.core.BundleHost.startWorker(BundleHost.java)
	at org.eclipse.osgi.framework.internal.core.AbstractBundle.resume(AbstractBundle.java)
	at org.eclipse.osgi.framework.internal.core.Framework.resumeBundle(Framework.java)
	at org.eclipse.osgi.framework.internal.core.StartLevelManager.resumeBundles(StartLevelManager.java)
	at org.eclipse.osgi.framework.internal.core.StartLevelManager.incFWSL(StartLevelManager.java)
	at org.eclipse.osgi.framework.internal.core.StartLevelManager.doSetStartLevel(StartLevelManager.java)
	at org.eclipse.osgi.framework.internal.core.StartLevelManager.dispatchEvent(StartLevelManager.java)
	at org.eclipse.osgi.framework.eventmgr.EventManager.dispatchEvent(EventManager.java)
	at org.eclipse.osgi.framework.eventmgr.EventManager$EventThread.run(EventManager.java)

!ENTRY org.eclipse.osgi 4 0 2014-08-28 00:30:00.455
!MESSAGE Bundle org.eclipse.equinox.simpleconfigurator_1.0.101.R35x_v20090807-1100 [1] is not active.
